\BOOKMARK [1][-]{section.1}{Overview}{}% 1
\BOOKMARK [2][-]{subsection.1.1}{Requirements}{section.1}% 2
\BOOKMARK [1][-]{section.2}{Compiling}{}% 3
\BOOKMARK [2][-]{subsection.2.1}{Compiling on Windows}{section.2}% 4
\BOOKMARK [2][-]{subsection.2.2}{Compiling on Linux}{section.2}% 5
\BOOKMARK [2][-]{subsection.2.3}{Next Steps}{section.2}% 6
\BOOKMARK [1][-]{section.3}{Creating the Service}{}% 7
\BOOKMARK [2][-]{subsection.3.1}{Preparation}{section.3}% 8
\BOOKMARK [2][-]{subsection.3.2}{Putting Everything into Place}{section.3}% 9
\BOOKMARK [2][-]{subsection.3.3}{Starting DBH}{section.3}% 10
\BOOKMARK [1][-]{section.4}{The dbh.service File}{}% 11
\BOOKMARK [2][-]{subsection.4.1}{Unit}{section.4}% 12
\BOOKMARK [2][-]{subsection.4.2}{Service}{section.4}% 13
\BOOKMARK [2][-]{subsection.4.3}{Install}{section.4}% 14
\BOOKMARK [1][-]{section.5}{The Configuration.ini File}{}% 15
\BOOKMARK [2][-]{subsection.5.1}{MySql Connection}{section.5}% 16
\BOOKMARK [2][-]{subsection.5.2}{MySql Tables}{section.5}% 17
\BOOKMARK [2][-]{subsection.5.3}{Misc}{section.5}% 18
\BOOKMARK [1][-]{section.6}{MySql Setup}{}% 19
\BOOKMARK [2][-]{subsection.6.1}{Requirements}{section.6}% 20
\BOOKMARK [2][-]{subsection.6.2}{Setting up the Database Schema}{section.6}% 21
\BOOKMARK [2][-]{subsection.6.3}{Setup the DBH user}{section.6}% 22
\BOOKMARK [1][-]{section.7}{Troubleshooting}{}% 23
\BOOKMARK [2][-]{subsection.7.1}{It Won't Start or Keeps Restarting}{section.7}% 24
\BOOKMARK [3][-]{subsubsection.7.1.1}{Configuration File Missing or Incorrect Settings}{subsection.7.1}% 25
\BOOKMARK [3][-]{subsubsection.7.1.2}{Permissions}{subsection.7.1}% 26
\BOOKMARK [3][-]{subsubsection.7.1.3}{Incorrect Service File}{subsection.7.1}% 27
