This is pdfTeX, Version 3.14159265-2.6-1.40.18 (MiKTeX 2.9.6350 64-bit) (preloaded format=pdflatex 2017.12.21)  10 MAR 2018 00:55
entering extended mode
**./UserManual.tex
(UserManual.tex
LaTeX2e <2017-04-15>
Babel <3.10> and hyphenation patterns for 75 language(s) loaded.
("C:\Users\nicol\AppData\Local\Programs\MiKTeX 2.9\tex\latex\base\article.cls"
Document Class: article 2014/09/29 v1.4h Standard LaTeX document class
("C:\Users\nicol\AppData\Local\Programs\MiKTeX 2.9\tex\latex\base\size10.clo"
File: size10.clo 2014/09/29 v1.4h Standard LaTeX file (size option)
)
\c@part=\count79
\c@section=\count80
\c@subsection=\count81
\c@subsubsection=\count82
\c@paragraph=\count83
\c@subparagraph=\count84
\c@figure=\count85
\c@table=\count86
\abovecaptionskip=\skip41
\belowcaptionskip=\skip42
\bibindent=\dimen102
)
("C:\Users\nicol\AppData\Local\Programs\MiKTeX 2.9\tex\latex\graphics\graphicx.
sty"
Package: graphicx 2014/10/28 v1.0g Enhanced LaTeX Graphics (DPC,SPQR)

("C:\Users\nicol\AppData\Local\Programs\MiKTeX 2.9\tex\latex\graphics\keyval.st
y"
Package: keyval 2014/10/28 v1.15 key=value parser (DPC)
\KV@toks@=\toks14
)
("C:\Users\nicol\AppData\Local\Programs\MiKTeX 2.9\tex\latex\graphics\graphics.
sty"
Package: graphics 2017/04/14 v1.1b Standard LaTeX Graphics (DPC,SPQR)

("C:\Users\nicol\AppData\Local\Programs\MiKTeX 2.9\tex\latex\graphics\trig.sty"
Package: trig 2016/01/03 v1.10 sin cos tan (DPC)
)
("C:\Users\nicol\AppData\Local\Programs\MiKTeX 2.9\tex\latex\graphics-cfg\graph
ics.cfg"
File: graphics.cfg 2016/06/04 v1.11 sample graphics configuration
)
Package graphics Info: Driver file: pdftex.def on input line 99.

("C:\Users\nicol\AppData\Local\Programs\MiKTeX 2.9\tex\latex\graphics-def\pdfte
x.def"
File: pdftex.def 2017/01/12 v0.06k Graphics/color for pdfTeX

("C:\Users\nicol\AppData\Local\Programs\MiKTeX 2.9\tex\generic\oberdiek\infware
rr.sty"
Package: infwarerr 2016/05/16 v1.4 Providing info/warning/error messages (HO)
)
("C:\Users\nicol\AppData\Local\Programs\MiKTeX 2.9\tex\generic\oberdiek\ltxcmds
.sty"
Package: ltxcmds 2016/05/16 v1.23 LaTeX kernel commands for general use (HO)
)
\Gread@gobject=\count87
))
\Gin@req@height=\dimen103
\Gin@req@width=\dimen104
)
("C:\Users\nicol\AppData\Local\Programs\MiKTeX 2.9\tex\latex\float\float.sty"
Package: float 2001/11/08 v1.3d Float enhancements (AL)
\c@float@type=\count88
\float@exts=\toks15
\float@box=\box26
\@float@everytoks=\toks16
\@floatcapt=\box27
)
("C:\Users\nicol\AppData\Local\Programs\MiKTeX 2.9\tex\latex\enumitem\enumitem.
sty"
Package: enumitem 2011/09/28 v3.5.2 Customized lists
\labelindent=\skip43
\enit@outerparindent=\dimen105
\enit@toks=\toks17
\enit@inbox=\box28
\enitdp@description=\count89
)
("C:\Users\nicol\AppData\Local\Programs\MiKTeX 2.9\tex\latex\hyperref\hyperref.
sty"
Package: hyperref 2017/03/14 v6.85a Hypertext links for LaTeX

("C:\Users\nicol\AppData\Local\Programs\MiKTeX 2.9\tex\generic\oberdiek\hobsub-
hyperref.sty"
Package: hobsub-hyperref 2016/05/16 v1.14 Bundle oberdiek, subset hyperref (HO)


("C:\Users\nicol\AppData\Local\Programs\MiKTeX 2.9\tex\generic\oberdiek\hobsub-
generic.sty"
Package: hobsub-generic 2016/05/16 v1.14 Bundle oberdiek, subset generic (HO)
Package: hobsub 2016/05/16 v1.14 Construct package bundles (HO)
Package hobsub Info: Skipping package `infwarerr' (already loaded).
Package hobsub Info: Skipping package `ltxcmds' (already loaded).
Package: ifluatex 2016/05/16 v1.4 Provides the ifluatex switch (HO)
Package ifluatex Info: LuaTeX not detected.
Package: ifvtex 2016/05/16 v1.6 Detect VTeX and its facilities (HO)
Package ifvtex Info: VTeX not detected.
Package: intcalc 2016/05/16 v1.2 Expandable calculations with integers (HO)
Package: ifpdf 2017/03/15 v3.2 Provides the ifpdf switch
Package: etexcmds 2016/05/16 v1.6 Avoid name clashes with e-TeX commands (HO)
Package etexcmds Info: Could not find \expanded.
(etexcmds)             That can mean that you are not using pdfTeX 1.50 or
(etexcmds)             that some package has redefined \expanded.
(etexcmds)             In the latter case, load this package earlier.
Package: kvsetkeys 2016/05/16 v1.17 Key value parser (HO)
Package: kvdefinekeys 2016/05/16 v1.4 Define keys (HO)
Package: pdftexcmds 2017/03/19 v0.25 Utility functions of pdfTeX for LuaTeX (HO
)
Package pdftexcmds Info: LuaTeX not detected.
Package pdftexcmds Info: \pdf@primitive is available.
Package pdftexcmds Info: \pdf@ifprimitive is available.
Package pdftexcmds Info: \pdfdraftmode found.
Package: pdfescape 2016/05/16 v1.14 Implements pdfTeX's escape features (HO)
Package: bigintcalc 2016/05/16 v1.4 Expandable calculations on big integers (HO
)
Package: bitset 2016/05/16 v1.2 Handle bit-vector datatype (HO)
Package: uniquecounter 2016/05/16 v1.3 Provide unlimited unique counter (HO)
)
Package hobsub Info: Skipping package `hobsub' (already loaded).
Package: letltxmacro 2016/05/16 v1.5 Let assignment for LaTeX macros (HO)
Package: hopatch 2016/05/16 v1.3 Wrapper for package hooks (HO)
Package: xcolor-patch 2016/05/16 xcolor patch
Package: atveryend 2016/05/16 v1.9 Hooks at the very end of document (HO)
Package atveryend Info: \enddocument detected (standard20110627).
Package: atbegshi 2016/06/09 v1.18 At begin shipout hook (HO)
Package: refcount 2016/05/16 v3.5 Data extraction from label references (HO)
Package: hycolor 2016/05/16 v1.8 Color options for hyperref/bookmark (HO)
)
("C:\Users\nicol\AppData\Local\Programs\MiKTeX 2.9\tex\generic\ifxetex\ifxetex.
sty"
Package: ifxetex 2010/09/12 v0.6 Provides ifxetex conditional
)
("C:\Users\nicol\AppData\Local\Programs\MiKTeX 2.9\tex\latex\oberdiek\auxhook.s
ty"
Package: auxhook 2016/05/16 v1.4 Hooks for auxiliary files (HO)
)
("C:\Users\nicol\AppData\Local\Programs\MiKTeX 2.9\tex\latex\oberdiek\kvoptions
.sty"
Package: kvoptions 2016/05/16 v3.12 Key value format for package options (HO)
)
\@linkdim=\dimen106
\Hy@linkcounter=\count90
\Hy@pagecounter=\count91

("C:\Users\nicol\AppData\Local\Programs\MiKTeX 2.9\tex\latex\hyperref\pd1enc.de
f"
File: pd1enc.def 2017/03/14 v6.85a Hyperref: PDFDocEncoding definition (HO)
)
\Hy@SavedSpaceFactor=\count92

("C:\Users\nicol\AppData\Local\Programs\MiKTeX 2.9\tex\latex\00miktex\hyperref.
cfg"
File: hyperref.cfg 2002/06/06 v1.2 hyperref configuration of TeXLive
)
Package hyperref Info: Hyper figures OFF on input line 4498.
Package hyperref Info: Link nesting OFF on input line 4503.
Package hyperref Info: Hyper index ON on input line 4506.
Package hyperref Info: Plain pages OFF on input line 4513.
Package hyperref Info: Backreferencing OFF on input line 4518.
Package hyperref Info: Implicit mode ON; LaTeX internals redefined.
Package hyperref Info: Bookmarks ON on input line 4751.
\c@Hy@tempcnt=\count93
 ("C:\Users\nicol\AppData\Local\Programs\MiKTeX 2.9\tex\latex\url\url.sty"
\Urlmuskip=\muskip10
Package: url 2013/09/16  ver 3.4  Verb mode for urls, etc.
)
LaTeX Info: Redefining \url on input line 5104.
\XeTeXLinkMargin=\dimen107
\Fld@menulength=\count94
\Field@Width=\dimen108
\Fld@charsize=\dimen109
Package hyperref Info: Hyper figures OFF on input line 6358.
Package hyperref Info: Link nesting OFF on input line 6363.
Package hyperref Info: Hyper index ON on input line 6366.
Package hyperref Info: backreferencing OFF on input line 6373.
Package hyperref Info: Link coloring OFF on input line 6378.
Package hyperref Info: Link coloring with OCG OFF on input line 6383.
Package hyperref Info: PDF/A mode OFF on input line 6388.
LaTeX Info: Redefining \ref on input line 6428.
LaTeX Info: Redefining \pageref on input line 6432.
\Hy@abspage=\count95
\c@Item=\count96
\c@Hfootnote=\count97
)

Package hyperref Message: Driver (autodetected): hpdftex.


("C:\Users\nicol\AppData\Local\Programs\MiKTeX 2.9\tex\latex\hyperref\hpdftex.d
ef"
File: hpdftex.def 2017/03/14 v6.85a Hyperref driver for pdfTeX
\Fld@listcount=\count98
\c@bookmark@seq@number=\count99

("C:\Users\nicol\AppData\Local\Programs\MiKTeX 2.9\tex\latex\oberdiek\rerunfile
check.sty"
Package: rerunfilecheck 2016/05/16 v1.8 Rerun checks for auxiliary files (HO)
Package uniquecounter Info: New unique counter `rerunfilecheck' on input line 2
82.
)
\Hy@SectionHShift=\skip44
)
Package hyperref Info: Option `colorlinks' set `true' on input line 15.
 (UserManual.aux)
\openout1 = `UserManual.aux'.

LaTeX Font Info:    Checking defaults for OML/cmm/m/it on input line 25.
LaTeX Font Info:    ... okay on input line 25.
LaTeX Font Info:    Checking defaults for T1/cmr/m/n on input line 25.
LaTeX Font Info:    ... okay on input line 25.
LaTeX Font Info:    Checking defaults for OT1/cmr/m/n on input line 25.
LaTeX Font Info:    ... okay on input line 25.
LaTeX Font Info:    Checking defaults for OMS/cmsy/m/n on input line 25.
LaTeX Font Info:    ... okay on input line 25.
LaTeX Font Info:    Checking defaults for OMX/cmex/m/n on input line 25.
LaTeX Font Info:    ... okay on input line 25.
LaTeX Font Info:    Checking defaults for U/cmr/m/n on input line 25.
LaTeX Font Info:    ... okay on input line 25.
LaTeX Font Info:    Checking defaults for PD1/pdf/m/n on input line 25.
LaTeX Font Info:    ... okay on input line 25.

("C:\Users\nicol\AppData\Local\Programs\MiKTeX 2.9\tex\context\base\supp-pdf.mk
ii"
[Loading MPS to PDF converter (version 2006.09.02).]
\scratchcounter=\count100
\scratchdimen=\dimen110
\scratchbox=\box29
\nofMPsegments=\count101
\nofMParguments=\count102
\everyMPshowfont=\toks18
\MPscratchCnt=\count103
\MPscratchDim=\dimen111
\MPnumerator=\count104
\makeMPintoPDFobject=\count105
\everyMPtoPDFconversion=\toks19
)
("C:\Users\nicol\AppData\Local\Programs\MiKTeX 2.9\tex\latex\oberdiek\epstopdf-
base.sty"
Package: epstopdf-base 2016/05/15 v2.6 Base part for package epstopdf

("C:\Users\nicol\AppData\Local\Programs\MiKTeX 2.9\tex\latex\oberdiek\grfext.st
y"
Package: grfext 2016/05/16 v1.2 Manage graphics extensions (HO)
)
Package epstopdf-base Info: Redefining graphics rule for `.eps' on input line 4
38.
Package grfext Info: Graphics extension search list:
(grfext)             [.png,.pdf,.jpg,.mps,.jpeg,.jbig2,.jb2,.PNG,.PDF,.JPG,.JPE
G,.JBIG2,.JB2,.eps]
(grfext)             \AppendGraphicsExtensions on input line 456.
)
\AtBeginShipoutBox=\box30

("C:\Users\nicol\AppData\Local\Programs\MiKTeX 2.9\tex\latex\graphics\color.sty
"
Package: color 2016/07/10 v1.1e Standard LaTeX Color (DPC)

("C:\Users\nicol\AppData\Local\Programs\MiKTeX 2.9\tex\latex\graphics-cfg\color
.cfg"
File: color.cfg 2016/01/02 v1.6 sample color configuration
)
Package color Info: Driver file: pdftex.def on input line 147.
)
Package hyperref Info: Link coloring ON on input line 25.

("C:\Users\nicol\AppData\Local\Programs\MiKTeX 2.9\tex\latex\hyperref\nameref.s
ty"
Package: nameref 2016/05/21 v2.44 Cross-referencing by name of section

("C:\Users\nicol\AppData\Local\Programs\MiKTeX 2.9\tex\generic\oberdiek\gettitl
estring.sty"
Package: gettitlestring 2016/05/16 v1.5 Cleanup title references (HO)
)
\c@section@level=\count106
)
LaTeX Info: Redefining \ref on input line 25.
LaTeX Info: Redefining \pageref on input line 25.
LaTeX Info: Redefining \nameref on input line 25.
 (UserManual.out) (UserManual.out)
\@outlinefile=\write3
\openout3 = `UserManual.out'.

LaTeX Font Info:    External font `cmex10' loaded for size
(Font)              <12> on input line 27.
LaTeX Font Info:    External font `cmex10' loaded for size
(Font)              <8> on input line 27.
LaTeX Font Info:    External font `cmex10' loaded for size
(Font)              <6> on input line 27.
 (UserManual.toc
LaTeX Font Info:    External font `cmex10' loaded for size
(Font)              <7> on input line 2.
LaTeX Font Info:    External font `cmex10' loaded for size
(Font)              <5> on input line 2.
)
\tf@toc=\write4
\openout4 = `UserManual.toc'.

 [1

{C:/Users/nicol/AppData/Local/MiKTeX/2.9/pdftex/config/pdftex.map}]
<images/computer_science_logo.png, id=140, 122.3772pt x 36.135pt>
File: images/computer_science_logo.png Graphic file (type png)

<use images/computer_science_logo.png>
Package pdftex.def Info: images/computer_science_logo.png used on input line 31
.
(pdftex.def)             Requested size: 345.0pt x 101.87141pt.
 [2 <./images/computer_science_logo.png>] <images/navigation.PNG, id=148, 426.0
9187pt x 54.2025pt>
File: images/navigation.PNG Graphic file (type png)

<use images/navigation.PNG>
Package pdftex.def Info: images/navigation.PNG used on input line 58.
(pdftex.def)             Requested size: 345.0pt x 43.88971pt.
 [3 <./images/navigation.PNG>]
<images/loadstudent.PNG, id=156, 346.29375pt x 124.96687pt>
File: images/loadstudent.PNG Graphic file (type png)

<use images/loadstudent.PNG>
Package pdftex.def Info: images/loadstudent.PNG used on input line 72.
(pdftex.def)             Requested size: 346.2929pt x 124.96657pt.

Overfull \hbox (1.2929pt too wide) in paragraph at lines 72--73
 [][] 
 []


Underfull \hbox (badness 10000) in paragraph at lines 67--73

 []


Underfull \hbox (badness 10000) in paragraph at lines 77--78

 []


Underfull \hbox (badness 10000) in paragraph at lines 77--78

 []

<images/createstudent.PNG, id=159, 359.09157pt x 260.47313pt>
File: images/createstudent.PNG Graphic file (type png)

<use images/createstudent.PNG>
Package pdftex.def Info: images/createstudent.PNG used on input line 84.
(pdftex.def)             Requested size: 359.09068pt x 260.47249pt.

Overfull \hbox (14.09068pt too wide) in paragraph at lines 84--85
 [][] 
 []

[4 <./images/loadstudent.PNG>]
<images/planmanagement.PNG, id=169, 692.5875pt x 221.32687pt>
File: images/planmanagement.PNG Graphic file (type png)

<use images/planmanagement.PNG>
Package pdftex.def Info: images/planmanagement.PNG used on input line 93.
(pdftex.def)             Requested size: 345.0pt x 110.25113pt.

<images/quarter.PNG, id=170, 196.48407pt x 237.13594pt>
File: images/quarter.PNG Graphic file (type png)

<use images/quarter.PNG>
Package pdftex.def Info: images/quarter.PNG used on input line 99.
(pdftex.def)             Requested size: 196.48358pt x 237.13535pt.
 [5 <./images/createstudent.PNG>]
LaTeX Font Info:    Try loading font information for OMS+cmr on input line 103.


("C:\Users\nicol\AppData\Local\Programs\MiKTeX 2.9\tex\latex\base\omscmr.fd"
File: omscmr.fd 2014/09/29 v2.5h Standard LaTeX font definitions
)
LaTeX Font Info:    Font shape `OMS/cmr/m/n' in size <10> not available
(Font)              Font shape `OMS/cmsy/m/n' tried instead on input line 103.

[6 <./images/planmanagement.PNG> <./images/quarter.PNG>]
Underfull \hbox (badness 10000) in paragraph at lines 113--114

 []


Underfull \hbox (badness 10000) in paragraph at lines 113--114

 []


Underfull \hbox (badness 10000) in paragraph at lines 115--116

 []


Underfull \hbox (badness 10000) in paragraph at lines 115--116

 []


Underfull \hbox (badness 10000) in paragraph at lines 117--118

 []


Underfull \hbox (badness 10000) in paragraph at lines 117--118

 []


Underfull \hbox (badness 10000) in paragraph at lines 119--120

 []


Underfull \hbox (badness 10000) in paragraph at lines 119--120

 []


Underfull \hbox (badness 10000) in paragraph at lines 121--122

 []


Underfull \hbox (badness 10000) in paragraph at lines 121--122

 []


Underfull \hbox (badness 10000) in paragraph at lines 123--124

 []


Underfull \hbox (badness 10000) in paragraph at lines 123--124

 []

<images/unmetrequirements.PNG, id=188, 236.38312pt x 202.50656pt>
File: images/unmetrequirements.PNG Graphic file (type png)

<use images/unmetrequirements.PNG>
Package pdftex.def Info: images/unmetrequirements.PNG used on input line 131.
(pdftex.def)             Requested size: 236.38254pt x 202.50604pt.
 [7]
Underfull \hbox (badness 10000) in paragraph at lines 134--135

 []


Underfull \hbox (badness 10000) in paragraph at lines 134--135

 []

<images/basecasebutton.PNG, id=196, 280.79906pt x 41.4047pt>
File: images/basecasebutton.PNG Graphic file (type png)

<use images/basecasebutton.PNG>
Package pdftex.def Info: images/basecasebutton.PNG used on input line 143.
(pdftex.def)             Requested size: 280.79837pt x 41.40457pt.
 [8 <./images/unmetrequirements.PNG>]
Underfull \hbox (badness 10000) in paragraph at lines 146--147

 []


Underfull \hbox (badness 10000) in paragraph at lines 146--147

 []


Underfull \hbox (badness 10000) in paragraph at lines 148--149

 []


Underfull \hbox (badness 10000) in paragraph at lines 148--149

 []


Underfull \hbox (badness 10000) in paragraph at lines 150--151

 []


Underfull \hbox (badness 10000) in paragraph at lines 150--151

 []

[9 <./images/basecasebutton.PNG>]
<images/schedulingalgorithm.PNG, id=212, 353.82187pt x 243.91125pt>
File: images/schedulingalgorithm.PNG Graphic file (type png)

<use images/schedulingalgorithm.PNG>
Package pdftex.def Info: images/schedulingalgorithm.PNG used on input line 157.

(pdftex.def)             Requested size: 353.821pt x 243.91064pt.

Overfull \hbox (8.821pt too wide) in paragraph at lines 157--158
 [][] 
 []

[10 <./images/schedulingalgorithm.PNG>]
Underfull \hbox (badness 10000) in paragraph at lines 165--166

 []


Underfull \hbox (badness 10000) in paragraph at lines 165--166

 []


Underfull \hbox (badness 10000) in paragraph at lines 167--168

 []


Underfull \hbox (badness 10000) in paragraph at lines 167--168

 []


Underfull \hbox (badness 10000) in paragraph at lines 169--170

 []


Underfull \hbox (badness 10000) in paragraph at lines 169--170

 []

<images/coursesearch.PNG, id=222, 393.72093pt x 220.57407pt>
File: images/coursesearch.PNG Graphic file (type png)

<use images/coursesearch.PNG>
Package pdftex.def Info: images/coursesearch.PNG used on input line 176.
(pdftex.def)             Requested size: 393.71997pt x 220.57352pt.

Overfull \hbox (48.71997pt too wide) in paragraph at lines 176--177
 [][] 
 []

<images/coursedisplay.PNG, id=223, 655.69969pt x 96.36pt>
File: images/coursedisplay.PNG Graphic file (type png)

<use images/coursedisplay.PNG>
Package pdftex.def Info: images/coursedisplay.PNG used on input line 181.
(pdftex.def)             Requested size: 345.0pt x 50.70001pt.
 [11]
Underfull \hbox (badness 10000) in paragraph at lines 192--193

 []


Underfull \hbox (badness 10000) in paragraph at lines 194--195

 []


Underfull \hbox (badness 10000) in paragraph at lines 194--195

 []

[12 <./images/coursesearch.PNG> <./images/coursedisplay.PNG>]
Underfull \hbox (badness 10000) in paragraph at lines 196--197

 []


Underfull \hbox (badness 10000) in paragraph at lines 196--197

 []


Underfull \hbox (badness 10000) in paragraph at lines 198--199

 []


Underfull \hbox (badness 10000) in paragraph at lines 198--199

 []


Underfull \hbox (badness 10000) in paragraph at lines 200--201

 []


Underfull \hbox (badness 10000) in paragraph at lines 200--201

 []


Underfull \hbox (badness 10000) in paragraph at lines 202--203

 []


Underfull \hbox (badness 10000) in paragraph at lines 202--203

 []


Underfull \hbox (badness 10000) in paragraph at lines 204--205

 []


Underfull \hbox (badness 10000) in paragraph at lines 204--205

 []

<images/prereqs.PNG, id=238, 509.65407pt x 313.9228pt>
File: images/prereqs.PNG Graphic file (type png)

<use images/prereqs.PNG>
Package pdftex.def Info: images/prereqs.PNG used on input line 210.
(pdftex.def)             Requested size: 345.0pt x 212.51144pt.

Underfull \hbox (badness 10000) in paragraph at lines 206--211

 []


Underfull \hbox (badness 10000) in paragraph at lines 206--211

 []

[13]
Underfull \hbox (badness 10000) in paragraph at lines 213--214

 []


Underfull \hbox (badness 10000) in paragraph at lines 213--214

 []

<images/savecourses.PNG, id=247, 358.33875pt x 36.88782pt>
File: images/savecourses.PNG Graphic file (type png)

<use images/savecourses.PNG>
Package pdftex.def Info: images/savecourses.PNG used on input line 220.
(pdftex.def)             Requested size: 358.33788pt x 36.88771pt.

Overfull \hbox (13.33788pt too wide) in paragraph at lines 220--221
 [][] 
 []

<images/createdegree.PNG, id=250, 353.06906pt x 169.38281pt>
File: images/createdegree.PNG Graphic file (type png)

<use images/createdegree.PNG>
Package pdftex.def Info: images/createdegree.PNG used on input line 228.
(pdftex.def)             Requested size: 353.06819pt x 169.38239pt.

Overfull \hbox (8.06819pt too wide) in paragraph at lines 228--229
 [][] 
 []

[14 <./images/prereqs.PNG> <./images/savecourses.PNG>]
<images/loaddegree.PNG, id=258, 348.55219pt x 122.70844pt>
File: images/loaddegree.PNG Graphic file (type png)

<use images/loaddegree.PNG>
Package pdftex.def Info: images/loaddegree.PNG used on input line 234.
(pdftex.def)             Requested size: 348.55132pt x 122.70813pt.

Overfull \hbox (3.55132pt too wide) in paragraph at lines 234--235
 [][] 
 []

<images/degreeresults.PNG, id=259, 393.72093pt x 472.01344pt>
File: images/degreeresults.PNG Graphic file (type png)

<use images/degreeresults.PNG>
Package pdftex.def Info: images/degreeresults.PNG used on input line 241.
(pdftex.def)             Requested size: 393.71997pt x 472.01228pt.

Overfull \hbox (48.71997pt too wide) in paragraph at lines 241--242
 [][] 
 []


Underfull \hbox (badness 10000) in paragraph at lines 236--242

 []


Underfull \hbox (badness 10000) in paragraph at lines 236--242

 []

[15 <./images/createdegree.PNG> <./images/loaddegree.PNG>] [16 <./images/degree
results.PNG>] <images/manageusers.PNG, id=275, 400.49625pt x 182.18062pt>
File: images/manageusers.PNG Graphic file (type png)

<use images/manageusers.PNG>
Package pdftex.def Info: images/manageusers.PNG used on input line 251.
(pdftex.def)             Requested size: 345.0pt x 156.94469pt.

<images/adduser.PNG, id=277, 343.2825pt x 222.07968pt>
File: images/adduser.PNG Graphic file (type png)

<use images/adduser.PNG>
Package pdftex.def Info: images/adduser.PNG used on input line 258.
(pdftex.def)             Requested size: 343.28165pt x 222.07913pt.
 [17 <./images/manageusers.PNG>]
<images/changepassword.PNG, id=286, 357.58594pt x 276.28218pt>
File: images/changepassword.PNG Graphic file (type png)

<use images/changepassword.PNG>
Package pdftex.def Info: images/changepassword.PNG used on input line 266.
(pdftex.def)             Requested size: 357.58505pt x 276.2815pt.

Overfull \hbox (12.58505pt too wide) in paragraph at lines 266--267
 [][] 
 []

Package atveryend Info: Empty hook `BeforeClearDocument' on input line 268.
[18 <./images/adduser.PNG>] [19 <./images/changepassword.PNG>]
Package atveryend Info: Empty hook `AfterLastShipout' on input line 268.
 (UserManual.aux)
Package atveryend Info: Executing hook `AtVeryEndDocument' on input line 268.
Package atveryend Info: Executing hook `AtEndAfterFileList' on input line 268.
Package rerunfilecheck Info: File `UserManual.out' has not changed.
(rerunfilecheck)             Checksum: C7FE99168F094FFA7A1AE0E0294F71B2;1417.
Package atveryend Info: Empty hook `AtVeryVeryEnd' on input line 268.
 ) 
Here is how much of TeX's memory you used:
 5674 strings out of 493323
 86883 string characters out of 3130014
 173672 words of memory out of 3000000
 9100 multiletter control sequences out of 15000+200000
 7895 words of font info for 28 fonts, out of 3000000 for 9000
 1141 hyphenation exceptions out of 8191
 28i,7n,28p,1258b,345s stack positions out of 5000i,500n,10000p,200000b,50000s
<C:/Users/nicol/AppData/Local/Programs/MiKTeX 2.9/fonts/type1/public/amsfonts
/cm/cmbx10.pfb><C:/Users/nicol/AppData/Local/Programs/MiKTeX 2.9/fonts/type1/pu
blic/amsfonts/cm/cmbx12.pfb><C:/Users/nicol/AppData/Local/Programs/MiKTeX 2.9/f
onts/type1/public/amsfonts/cm/cmr10.pfb><C:/Users/nicol/AppData/Local/Programs/
MiKTeX 2.9/fonts/type1/public/amsfonts/cm/cmr12.pfb><C:/Users/nicol/AppData/Loc
al/Programs/MiKTeX 2.9/fonts/type1/public/amsfonts/cm/cmr17.pfb><C:/Users/nicol
/AppData/Local/Programs/MiKTeX 2.9/fonts/type1/public/amsfonts/cm/cmsy10.pfb>
Output written on UserManual.pdf (19 pages, 265417 bytes).
PDF statistics:
 334 PDF objects out of 1000 (max. 8388607)
 60 named destinations out of 1000 (max. 500000)
 264 words of extra memory for PDF output out of 10000 (max. 10000000)

