\BOOKMARK [1][-]{section.1}{Introduction}{}% 1
\BOOKMARK [2][-]{subsection.1.1}{Description}{section.1}% 2
\BOOKMARK [2][-]{subsection.1.2}{Purpose}{section.1}% 3
\BOOKMARK [2][-]{subsection.1.3}{General Functionality}{section.1}% 4
\BOOKMARK [1][-]{section.2}{Getting started}{}% 5
\BOOKMARK [2][-]{subsection.2.1}{Authenticating}{section.2}% 6
\BOOKMARK [2][-]{subsection.2.2}{Authentication Levels}{section.2}% 7
\BOOKMARK [2][-]{subsection.2.3}{Navigation}{section.2}% 8
\BOOKMARK [1][-]{section.3}{Generating Graduation Plans}{}% 9
\BOOKMARK [2][-]{subsection.3.1}{Functionality}{section.3}% 10
\BOOKMARK [2][-]{subsection.3.2}{Creating and Loading Student Plans}{section.3}% 11
\BOOKMARK [2][-]{subsection.3.3}{Modifying a Student Plan}{section.3}% 12
\BOOKMARK [2][-]{subsection.3.4}{Unmet Requirements}{section.3}% 13
\BOOKMARK [2][-]{subsection.3.5}{Working with the Base Case}{section.3}% 14
\BOOKMARK [2][-]{subsection.3.6}{Using the Scheduling Algorithm}{section.3}% 15
\BOOKMARK [2][-]{subsection.3.7}{Other Graduation Plan Functionality}{section.3}% 16
\BOOKMARK [1][-]{section.4}{Database Management}{}% 17
\BOOKMARK [2][-]{subsection.4.1}{Overview}{section.4}% 18
\BOOKMARK [2][-]{subsection.4.2}{Managing Courses}{section.4}% 19
\BOOKMARK [2][-]{subsection.4.3}{Managing Degree Requirements}{section.4}% 20
\BOOKMARK [2][-]{subsection.4.4}{Managing User Accounts}{section.4}% 21
